<?xml version="1.0" encoding="UTF-8"?>
<!-- Generated by org.testng.reporters.JUnitReportReporter -->
<testsuite skipped="0" hostname="aashugopalpatil" name="exampleTestNG.Demo2" tests="4" failures="0" timestamp="2023-04-03T14:26:09 IST" time="0.012" errors="0">
  <testcase name="testCaseDeletion" time="0.001" classname="exampleTestNG.Demo2"/>
  <system-out/>
  <testcase name="testCaseLogin" time="0.001" classname="exampleTestNG.Demo2"/>
  <system-out/>
  <testcase name="testCaseSignup" time="0.001" classname="exampleTestNG.Demo2"/>
  <system-out/>
  <testcase name="testCaseCreation" time="0.009" classname="exampleTestNG.Demo2"/>
  <system-out/>
</testsuite> <!-- exampleTestNG.Demo2 -->
