<?xml version="1.0" encoding="UTF-8"?>
<!-- Generated by org.testng.reporters.JUnitReportReporter -->
<testsuite skipped="0" hostname="aashugopalpatil" name="exampleTestNG.Demo1" tests="3" failures="0" timestamp="2023-04-02T12:57:57 IST" time="0.009" errors="0">
  <testcase name="testCase2" time="0.001" classname="exampleTestNG.Demo1"/>
  <system-out/>
  <testcase name="testCase3" time="0.001" classname="exampleTestNG.Demo1"/>
  <system-out/>
  <testcase name="testCase1" time="0.007" classname="exampleTestNG.Demo1"/>
  <system-out/>
</testsuite> <!-- exampleTestNG.Demo1 -->
