<?xml version="1.0" encoding="UTF-8"?>
<!-- Generated by org.testng.reporters.JUnitReportReporter -->
<testsuite skipped="0" hostname="aashugopalpatil" name="exampleTestNG.Demo" tests="1" failures="0" timestamp="2023-04-01T14:22:09 IST" time="0.006" errors="0">
  <testcase name="tng" time="0.006" classname="exampleTestNG.Demo"/>
  <system-out/>
</testsuite> <!-- exampleTestNG.Demo -->
