<?xml version="1.0" encoding="UTF-8"?>
<!-- Generated by org.testng.reporters.JUnitReportReporter -->
<testsuite skipped="1" hostname="aashugopalpatil" name="exampleTestNG.Demo4" tests="4" failures="0" timestamp="2023-04-03T15:35:12 IST" time="0.010" errors="0">
  <testcase name="login" time="0.007" classname="exampleTestNG.Demo4"/>
  <system-out/>
  <testcase name="composeMail" time="0.002" classname="exampleTestNG.Demo4"/>
  <system-out/>
  <testcase name="checkSentItems" time="0.001" classname="exampleTestNG.Demo4"/>
  <system-out/>
  <testcase name="signin" classname="exampleTestNG.Demo4">
    <skipped/>
  </testcase> <!-- signin -->
  <system-out/>
</testsuite> <!-- exampleTestNG.Demo4 -->
